<?xml version="1.0" encoding="UTF-8"?>
<coverage generated="1761642397890" clover="3.2.0">
  <project timestamp="1761642397891" name="All files">
    <metrics statements="38" coveredstatements="35" conditionals="21" coveredconditionals="18" methods="17" coveredmethods="14" elements="76" coveredelements="67" complexity="0" loc="38" ncloc="38" packages="6" files="10" classes="10"/>
    <package name="components.ui">
      <metrics statements="11" coveredstatements="9" conditionals="3" coveredconditionals="2" methods="9" coveredmethods="7"/>
      <file name="button.tsx" path="/Users/ptorres/Desktop/ITX/weather-app/weather-app/src/components/ui/button.tsx">
        <metrics statements="3" coveredstatements="3" conditionals="3" coveredconditionals="2" methods="1" coveredmethods="1"/>
        <line num="7" count="1" type="stmt"/>
        <line num="49" count="8" type="cond" truecount="1" falsecount="1"/>
        <line num="51" count="8" type="stmt"/>
      </file>
      <file name="card.tsx" path="/Users/ptorres/Desktop/ITX/weather-app/weather-app/src/components/ui/card.tsx">
        <metrics statements="7" coveredstatements="5" conditionals="0" coveredconditionals="0" methods="7" coveredmethods="5"/>
        <line num="6" count="9" type="stmt"/>
        <line num="19" count="9" type="stmt"/>
        <line num="32" count="8" type="stmt"/>
        <line num="42" count="11" type="stmt"/>
        <line num="52" count="0" type="stmt"/>
        <line num="65" count="8" type="stmt"/>
        <line num="75" count="0" type="stmt"/>
      </file>
      <file name="skeleton.tsx" path="/Users/ptorres/Desktop/ITX/weather-app/weather-app/src/components/ui/skeleton.tsx">
        <metrics statements="1" coveredstatements="1" conditionals="0" coveredconditionals="0" methods="1" coveredmethods="1"/>
        <line num="4" count="5" type="stmt"/>
      </file>
    </package>
    <package name="components.weatherCard">
      <metrics statements="17" coveredstatements="17" conditionals="16" coveredconditionals="16" methods="3" coveredmethods="3"/>
      <file name="weatherCard.tsx" path="/Users/ptorres/Desktop/ITX/weather-app/weather-app/src/components/weatherCard/weatherCard.tsx">
        <metrics statements="17" coveredstatements="17" conditionals="16" coveredconditionals="16" methods="3" coveredmethods="3"/>
        <line num="24" count="1" type="stmt"/>
        <line num="25" count="9" type="stmt"/>
        <line num="27" count="9" type="stmt"/>
        <line num="30" count="9" type="stmt"/>
        <line num="32" count="9" type="cond" truecount="4" falsecount="0"/>
        <line num="33" count="5" type="stmt"/>
        <line num="39" count="1" type="stmt"/>
        <line num="40" count="1" type="stmt"/>
        <line num="41" count="1" type="stmt"/>
        <line num="83" count="1" type="stmt"/>
        <line num="84" count="1" type="stmt"/>
        <line num="85" count="1" type="stmt"/>
        <line num="95" count="4" type="cond" truecount="2" falsecount="0"/>
        <line num="96" count="1" type="stmt"/>
        <line num="99" count="3" type="cond" truecount="2" falsecount="0"/>
        <line num="100" count="1" type="stmt"/>
        <line num="103" count="2" type="stmt"/>
      </file>
    </package>
    <package name="components.weatherCard.components">
      <metrics statements="6" coveredstatements="6" conditionals="0" coveredconditionals="0" methods="3" coveredmethods="3"/>
      <file name="emptyCard.tsx" path="/Users/ptorres/Desktop/ITX/weather-app/weather-app/src/components/weatherCard/components/emptyCard.tsx">
        <metrics statements="2" coveredstatements="2" conditionals="0" coveredconditionals="0" methods="1" coveredmethods="1"/>
        <line num="3" count="1" type="stmt"/>
        <line num="4" count="2" type="stmt"/>
      </file>
      <file name="errorCard.tsx" path="/Users/ptorres/Desktop/ITX/weather-app/weather-app/src/components/weatherCard/components/errorCard.tsx">
        <metrics statements="2" coveredstatements="2" conditionals="0" coveredconditionals="0" methods="1" coveredmethods="1"/>
        <line num="8" count="1" type="stmt"/>
        <line num="9" count="1" type="stmt"/>
      </file>
      <file name="skeletonCard.tsx" path="/Users/ptorres/Desktop/ITX/weather-app/weather-app/src/components/weatherCard/components/skeletonCard.tsx">
        <metrics statements="2" coveredstatements="2" conditionals="0" coveredconditionals="0" methods="1" coveredmethods="1"/>
        <line num="4" count="1" type="stmt"/>
        <line num="5" count="1" type="stmt"/>
      </file>
    </package>
    <package name="constants">
      <metrics statements="1" coveredstatements="1" conditionals="0" coveredconditionals="0" methods="0" coveredmethods="0"/>
      <file name="weatherCode.constants.ts" path="/Users/ptorres/Desktop/ITX/weather-app/weather-app/src/constants/weatherCode.constants.ts">
        <metrics statements="1" coveredstatements="1" conditionals="0" coveredconditionals="0" methods="0" coveredmethods="0"/>
        <line num="1" count="1" type="stmt"/>
      </file>
    </package>
    <package name="lib">
      <metrics statements="1" coveredstatements="1" conditionals="0" coveredconditionals="0" methods="1" coveredmethods="1"/>
      <file name="utils.ts" path="/Users/ptorres/Desktop/ITX/weather-app/weather-app/src/lib/utils.ts">
        <metrics statements="1" coveredstatements="1" conditionals="0" coveredconditionals="0" methods="1" coveredmethods="1"/>
        <line num="5" count="58" type="stmt"/>
      </file>
    </package>
    <package name="schemas">
      <metrics statements="2" coveredstatements="1" conditionals="2" coveredconditionals="0" methods="1" coveredmethods="0"/>
      <file name="weatherDataApi.schema.ts" path="/Users/ptorres/Desktop/ITX/weather-app/weather-app/src/schemas/weatherDataApi.schema.ts">
        <metrics statements="2" coveredstatements="1" conditionals="2" coveredconditionals="0" methods="1" coveredmethods="0"/>
        <line num="4" count="1" type="stmt"/>
        <line num="16" count="0" type="stmt"/>
      </file>
    </package>
  </project>
</coverage>
