{"/Users/ptorres/Desktop/ITX/weather-app/weather-app/src/components/ui/button.tsx": {"path":"/Users/ptorres/Desktop/ITX/weather-app/weather-app/src/components/ui/button.tsx","statementMap":{"0":{"start":{"line":7,"column":6},"end":{"line":37,"column":null}},"1":{"start":{"line":49,"column":15},"end":{"line":49,"column":null}},"2":{"start":{"line":51,"column":2},"end":{"line":56,"column":null}}},"fnMap":{"0":{"name":"Button","decl":{"start":{"line":39,"column":9},"end":{"line":39,"column":16}},"loc":{"start":{"line":48,"column":5},"end":{"line":58,"column":null}},"line":48}},"branchMap":{"0":{"loc":{"start":{"line":43,"column":2},"end":{"line":43,"column":null}},"type":"default-arg","locations":[{"start":{"line":43,"column":12},"end":{"line":43,"column":null}}],"line":43},"1":{"loc":{"start":{"line":49,"column":15},"end":{"line":49,"column":null}},"type":"cond-expr","locations":[{"start":{"line":49,"column":25},"end":{"line":49,"column":32}},{"start":{"line":49,"column":32},"end":{"line":49,"column":null}}],"line":49}},"s":{"0":1,"1":8,"2":8},"f":{"0":8},"b":{"0":[8],"1":[0,8]},"meta":{"lastBranch":2,"lastFunction":1,"lastStatement":3,"seen":{"s:7:6:37:Infinity":0,"f:39:9:39:16":0,"b:43:12:43:Infinity":0,"s:49:15:49:Infinity":1,"b:49:25:49:32:49:32:49:Infinity":1,"s:51:2:56:Infinity":2}}}
,"/Users/ptorres/Desktop/ITX/weather-app/weather-app/src/components/ui/card.tsx": {"path":"/Users/ptorres/Desktop/ITX/weather-app/weather-app/src/components/ui/card.tsx","statementMap":{"0":{"start":{"line":6,"column":2},"end":{"line":14,"column":null}},"1":{"start":{"line":19,"column":2},"end":{"line":27,"column":null}},"2":{"start":{"line":32,"column":2},"end":{"line":37,"column":null}},"3":{"start":{"line":42,"column":2},"end":{"line":47,"column":null}},"4":{"start":{"line":52,"column":2},"end":{"line":60,"column":null}},"5":{"start":{"line":65,"column":2},"end":{"line":70,"column":null}},"6":{"start":{"line":75,"column":2},"end":{"line":80,"column":null}}},"fnMap":{"0":{"name":"Card","decl":{"start":{"line":5,"column":9},"end":{"line":5,"column":14}},"loc":{"start":{"line":5,"column":68},"end":{"line":16,"column":null}},"line":5},"1":{"name":"CardHeader","decl":{"start":{"line":18,"column":9},"end":{"line":18,"column":20}},"loc":{"start":{"line":18,"column":74},"end":{"line":29,"column":null}},"line":18},"2":{"name":"CardTitle","decl":{"start":{"line":31,"column":9},"end":{"line":31,"column":19}},"loc":{"start":{"line":31,"column":73},"end":{"line":39,"column":null}},"line":31},"3":{"name":"CardDescription","decl":{"start":{"line":41,"column":9},"end":{"line":41,"column":25}},"loc":{"start":{"line":41,"column":79},"end":{"line":49,"column":null}},"line":41},"4":{"name":"CardAction","decl":{"start":{"line":51,"column":9},"end":{"line":51,"column":20}},"loc":{"start":{"line":51,"column":74},"end":{"line":62,"column":null}},"line":51},"5":{"name":"CardContent","decl":{"start":{"line":64,"column":9},"end":{"line":64,"column":21}},"loc":{"start":{"line":64,"column":75},"end":{"line":72,"column":null}},"line":64},"6":{"name":"CardFooter","decl":{"start":{"line":74,"column":9},"end":{"line":74,"column":20}},"loc":{"start":{"line":74,"column":74},"end":{"line":82,"column":null}},"line":74}},"branchMap":{},"s":{"0":9,"1":9,"2":8,"3":11,"4":0,"5":8,"6":0},"f":{"0":9,"1":9,"2":8,"3":11,"4":0,"5":8,"6":0},"b":{},"meta":{"lastBranch":0,"lastFunction":7,"lastStatement":7,"seen":{"f:5:9:5:14":0,"s:6:2:14:Infinity":0,"f:18:9:18:20":1,"s:19:2:27:Infinity":1,"f:31:9:31:19":2,"s:32:2:37:Infinity":2,"f:41:9:41:25":3,"s:42:2:47:Infinity":3,"f:51:9:51:20":4,"s:52:2:60:Infinity":4,"f:64:9:64:21":5,"s:65:2:70:Infinity":5,"f:74:9:74:20":6,"s:75:2:80:Infinity":6}}}
,"/Users/ptorres/Desktop/ITX/weather-app/weather-app/src/components/ui/skeleton.tsx": {"path":"/Users/ptorres/Desktop/ITX/weather-app/weather-app/src/components/ui/skeleton.tsx","statementMap":{"0":{"start":{"line":4,"column":2},"end":{"line":9,"column":null}}},"fnMap":{"0":{"name":"Skeleton","decl":{"start":{"line":3,"column":9},"end":{"line":3,"column":18}},"loc":{"start":{"line":3,"column":72},"end":{"line":11,"column":null}},"line":3}},"branchMap":{},"s":{"0":5},"f":{"0":5},"b":{},"meta":{"lastBranch":0,"lastFunction":1,"lastStatement":1,"seen":{"f:3:9:3:18":0,"s:4:2:9:Infinity":0}}}
,"/Users/ptorres/Desktop/ITX/weather-app/weather-app/src/components/weatherCard/weatherCard.tsx": {"path":"/Users/ptorres/Desktop/ITX/weather-app/weather-app/src/components/weatherCard/weatherCard.tsx","statementMap":{"0":{"start":{"line":24,"column":27},"end":{"line":104,"column":null}},"1":{"start":{"line":25,"column":51},"end":{"line":25,"column":null}},"2":{"start":{"line":27,"column":59},"end":{"line":28,"column":null}},"3":{"start":{"line":30,"column":43},"end":{"line":30,"column":null}},"4":{"start":{"line":32,"column":2},"end":{"line":93,"column":null}},"5":{"start":{"line":33,"column":4},"end":{"line":91,"column":null}},"6":{"start":{"line":39,"column":35},"end":{"line":39,"column":null}},"7":{"start":{"line":40,"column":14},"end":{"line":40,"column":null}},"8":{"start":{"line":41,"column":14},"end":{"line":41,"column":null}},"9":{"start":{"line":83,"column":31},"end":{"line":83,"column":null}},"10":{"start":{"line":84,"column":14},"end":{"line":84,"column":null}},"11":{"start":{"line":85,"column":14},"end":{"line":85,"column":null}},"12":{"start":{"line":95,"column":2},"end":{"line":97,"column":null}},"13":{"start":{"line":96,"column":4},"end":{"line":96,"column":null}},"14":{"start":{"line":99,"column":2},"end":{"line":101,"column":null}},"15":{"start":{"line":100,"column":4},"end":{"line":100,"column":null}},"16":{"start":{"line":103,"column":2},"end":{"line":103,"column":null}}},"fnMap":{"0":{"name":"(anonymous_0)","decl":{"start":{"line":24,"column":27},"end":{"line":24,"column":33}},"loc":{"start":{"line":24,"column":33},"end":{"line":104,"column":null}},"line":24},"1":{"name":"(anonymous_1)","decl":{"start":{"line":38,"column":21},"end":{"line":38,"column":27}},"loc":{"start":{"line":38,"column":27},"end":{"line":42,"column":null}},"line":38},"2":{"name":"(anonymous_2)","decl":{"start":{"line":82,"column":21},"end":{"line":82,"column":27}},"loc":{"start":{"line":82,"column":27},"end":{"line":86,"column":null}},"line":82}},"branchMap":{"0":{"loc":{"start":{"line":32,"column":2},"end":{"line":93,"column":null}},"type":"if","locations":[{"start":{"line":32,"column":2},"end":{"line":93,"column":null}},{"start":{},"end":{}}],"line":32},"1":{"loc":{"start":{"line":32,"column":6},"end":{"line":32,"column":31}},"type":"binary-expr","locations":[{"start":{"line":32,"column":6},"end":{"line":32,"column":14}},{"start":{"line":32,"column":14},"end":{"line":32,"column":31}}],"line":32},"2":{"loc":{"start":{"line":35,"column":9},"end":{"line":46,"column":null}},"type":"binary-expr","locations":[{"start":{"line":35,"column":9},"end":{"line":35,"column":null}},{"start":{"line":36,"column":10},"end":{"line":46,"column":null}}],"line":35},"3":{"loc":{"start":{"line":43,"column":22},"end":{"line":43,"column":null}},"type":"binary-expr","locations":[{"start":{"line":43,"column":22},"end":{"line":43,"column":31}},{"start":{"line":43,"column":31},"end":{"line":43,"column":null}}],"line":43},"4":{"loc":{"start":{"line":51,"column":15},"end":{"line":53,"column":null}},"type":"cond-expr","locations":[{"start":{"line":52,"column":18},"end":{"line":52,"column":null}},{"start":{"line":53,"column":18},"end":{"line":53,"column":null}}],"line":51},"5":{"loc":{"start":{"line":79,"column":9},"end":{"line":89,"column":null}},"type":"binary-expr","locations":[{"start":{"line":79,"column":9},"end":{"line":79,"column":null}},{"start":{"line":80,"column":10},"end":{"line":89,"column":null}}],"line":79},"6":{"loc":{"start":{"line":95,"column":2},"end":{"line":97,"column":null}},"type":"if","locations":[{"start":{"line":95,"column":2},"end":{"line":97,"column":null}},{"start":{},"end":{}}],"line":95},"7":{"loc":{"start":{"line":99,"column":2},"end":{"line":101,"column":null}},"type":"if","locations":[{"start":{"line":99,"column":2},"end":{"line":101,"column":null}},{"start":{},"end":{}}],"line":99}},"s":{"0":1,"1":9,"2":9,"3":9,"4":9,"5":5,"6":1,"7":1,"8":1,"9":1,"10":1,"11":1,"12":4,"13":1,"14":3,"15":1,"16":2},"f":{"0":9,"1":1,"2":1},"b":{"0":[5,4],"1":[9,6],"2":[5,4],"3":[4,4],"4":[4,1],"5":[5,4],"6":[1,3],"7":[1,2]},"meta":{"lastBranch":8,"lastFunction":3,"lastStatement":17,"seen":{"s:24:27:104:Infinity":0,"f:24:27:24:33":0,"s:25:51:25:Infinity":1,"s:27:59:28:Infinity":2,"s:30:43:30:Infinity":3,"b:32:2:93:Infinity:undefined:undefined:undefined:undefined":0,"s:32:2:93:Infinity":4,"b:32:6:32:14:32:14:32:31":1,"s:33:4:91:Infinity":5,"b:35:9:35:Infinity:36:10:46:Infinity":2,"f:38:21:38:27":1,"s:39:35:39:Infinity":6,"s:40:14:40:Infinity":7,"s:41:14:41:Infinity":8,"b:43:22:43:31:43:31:43:Infinity":3,"b:52:18:52:Infinity:53:18:53:Infinity":4,"b:79:9:79:Infinity:80:10:89:Infinity":5,"f:82:21:82:27":2,"s:83:31:83:Infinity":9,"s:84:14:84:Infinity":10,"s:85:14:85:Infinity":11,"b:95:2:97:Infinity:undefined:undefined:undefined:undefined":6,"s:95:2:97:Infinity":12,"s:96:4:96:Infinity":13,"b:99:2:101:Infinity:undefined:undefined:undefined:undefined":7,"s:99:2:101:Infinity":14,"s:100:4:100:Infinity":15,"s:103:2:103:Infinity":16}}}
,"/Users/ptorres/Desktop/ITX/weather-app/weather-app/src/components/weatherCard/components/emptyCard.tsx": {"path":"/Users/ptorres/Desktop/ITX/weather-app/weather-app/src/components/weatherCard/components/emptyCard.tsx","statementMap":{"0":{"start":{"line":3,"column":25},"end":{"line":14,"column":null}},"1":{"start":{"line":4,"column":2},"end":{"line":12,"column":null}}},"fnMap":{"0":{"name":"(anonymous_0)","decl":{"start":{"line":3,"column":25},"end":{"line":3,"column":31}},"loc":{"start":{"line":3,"column":31},"end":{"line":14,"column":null}},"line":3}},"branchMap":{},"s":{"0":1,"1":2},"f":{"0":2},"b":{},"meta":{"lastBranch":0,"lastFunction":1,"lastStatement":2,"seen":{"s:3:25:14:Infinity":0,"f:3:25:3:31":0,"s:4:2:12:Infinity":1}}}
,"/Users/ptorres/Desktop/ITX/weather-app/weather-app/src/components/weatherCard/components/errorCard.tsx": {"path":"/Users/ptorres/Desktop/ITX/weather-app/weather-app/src/components/weatherCard/components/errorCard.tsx","statementMap":{"0":{"start":{"line":8,"column":25},"end":{"line":20,"column":null}},"1":{"start":{"line":9,"column":2},"end":{"line":18,"column":null}}},"fnMap":{"0":{"name":"(anonymous_0)","decl":{"start":{"line":8,"column":25},"end":{"line":8,"column":26}},"loc":{"start":{"line":8,"column":58},"end":{"line":20,"column":null}},"line":8}},"branchMap":{},"s":{"0":1,"1":1},"f":{"0":1},"b":{},"meta":{"lastBranch":0,"lastFunction":1,"lastStatement":2,"seen":{"s:8:25:20:Infinity":0,"f:8:25:8:26":0,"s:9:2:18:Infinity":1}}}
,"/Users/ptorres/Desktop/ITX/weather-app/weather-app/src/components/weatherCard/components/skeletonCard.tsx": {"path":"/Users/ptorres/Desktop/ITX/weather-app/weather-app/src/components/weatherCard/components/skeletonCard.tsx","statementMap":{"0":{"start":{"line":4,"column":28},"end":{"line":18,"column":null}},"1":{"start":{"line":5,"column":2},"end":{"line":16,"column":null}}},"fnMap":{"0":{"name":"(anonymous_0)","decl":{"start":{"line":4,"column":28},"end":{"line":4,"column":34}},"loc":{"start":{"line":4,"column":34},"end":{"line":18,"column":null}},"line":4}},"branchMap":{},"s":{"0":1,"1":1},"f":{"0":1},"b":{},"meta":{"lastBranch":0,"lastFunction":1,"lastStatement":2,"seen":{"s:4:28:18:Infinity":0,"f:4:28:4:34":0,"s:5:2:16:Infinity":1}}}
,"/Users/ptorres/Desktop/ITX/weather-app/weather-app/src/constants/weatherCode.constants.ts": {"path":"/Users/ptorres/Desktop/ITX/weather-app/weather-app/src/constants/weatherCode.constants.ts","statementMap":{"0":{"start":{"line":1,"column":66},"end":{"line":30,"column":null}}},"fnMap":{},"branchMap":{},"s":{"0":1},"f":{},"b":{},"meta":{"lastBranch":0,"lastFunction":0,"lastStatement":1,"seen":{"s:1:66:30:Infinity":0}}}
,"/Users/ptorres/Desktop/ITX/weather-app/weather-app/src/lib/utils.ts": {"path":"/Users/ptorres/Desktop/ITX/weather-app/weather-app/src/lib/utils.ts","statementMap":{"0":{"start":{"line":5,"column":2},"end":{"line":5,"column":null}}},"fnMap":{"0":{"name":"cn","decl":{"start":{"line":4,"column":16},"end":{"line":4,"column":22}},"loc":{"start":{"line":4,"column":44},"end":{"line":6,"column":null}},"line":4}},"branchMap":{},"s":{"0":58},"f":{"0":58},"b":{},"meta":{"lastBranch":0,"lastFunction":1,"lastStatement":1,"seen":{"f:4:16:4:22":0,"s:5:2:5:Infinity":0}}}
,"/Users/ptorres/Desktop/ITX/weather-app/weather-app/src/schemas/weatherDataApi.schema.ts": {"path":"/Users/ptorres/Desktop/ITX/weather-app/weather-app/src/schemas/weatherDataApi.schema.ts","statementMap":{"0":{"start":{"line":4,"column":36},"end":{"line":28,"column":null}},"1":{"start":{"line":16,"column":4},"end":{"line":27,"column":null}}},"fnMap":{"0":{"name":"(anonymous_0)","decl":{"start":{"line":15,"column":13},"end":{"line":15,"column":14}},"loc":{"start":{"line":15,"column":23},"end":{"line":28,"column":3}},"line":15}},"branchMap":{"0":{"loc":{"start":{"line":26,"column":19},"end":{"line":26,"column":null}},"type":"binary-expr","locations":[{"start":{"line":26,"column":19},"end":{"line":26,"column":73}},{"start":{"line":26,"column":73},"end":{"line":26,"column":null}}],"line":26}},"s":{"0":1,"1":0},"f":{"0":0},"b":{"0":[0,0]},"meta":{"lastBranch":1,"lastFunction":1,"lastStatement":2,"seen":{"s:4:36:28:Infinity":0,"f:15:13:15:14":0,"s:16:4:27:Infinity":1,"b:26:19:26:73:26:73:26:Infinity":0}}}
}
